[2026-02-22 16:04:20] POST /intime_furniture_host/admin/product_store.php
  POST: {"nama_produk":"P1","id_kategori":"3","harga":"1440000","deskripsi":"LOREM ISPUM"}
  FILES: {"additional_images":{"name":["prod4.jpg","prod3.jpg"],"size":[229842,90749],"error":[0,0]}}
[2026-02-22 16:04:20] [DEBUG] [IP: ::1] Product store input data | Context: {"nama":"P1","id_kategori":3,"harga":1440000,"removebg":false,"has_preview_ai":false,"has_gambar_file":false}
[2026-02-22 16:04:20] [DEBUG] [IP: ::1] Used first additional image as main | Context: {"filename":"3c18232d03c36e78.jpg"}
[2026-02-22 16:04:20] [DEBUG] [IP: ::1] Creating product with slug | Context: {"slug":"p1-b812b8f7","nama":"P1"}
[2026-02-22 16:04:20] [DEBUG] [IP: ::1] Product created successfully | Context: {"product_id":7}
[2026-02-22 16:04:20] [DEBUG] [IP: ::1] Processing additional images | Context: {"count":2}
[2026-02-22 16:04:20] [DEBUG] [IP: ::1] Skipping additional image 0 because it was used as main
[2026-02-22 16:04:20] [DEBUG] [IP: ::1] Processing additional image 1 | Context: {"filename":"prod3.jpg","type":"image\/jpeg"}
[2026-02-22 16:04:20] [DEBUG] [IP: ::1] Additional image 1 saved | Context: {"filename":"711f82e58a350866.jpg"}
[2026-02-22 16:22:13] POST /intime_furniture_host/admin/product_store.php
  POST: {"nama_produk":"prod3","id_kategori":"3","harga":"1400000","deskripsi":"lorem123"}
  FILES: {"additional_images":{"name":["cat2-ruangmakan.jpg","prod2.jpg"],"size":[152184,150773],"error":[0,0]}}
[2026-02-22 16:22:13] [DEBUG] [IP: ::1] Product store input data | Context: {"nama":"prod3","id_kategori":3,"harga":1400000,"removebg":false,"has_preview_ai":false,"has_gambar_file":false}
[2026-02-22 16:22:13] [DEBUG] [IP: ::1] Used first additional image as main | Context: {"filename":"44a6082c747650a3.jpg"}
[2026-02-22 16:22:13] [DEBUG] [IP: ::1] Creating product with slug | Context: {"slug":"prod3-be5d71a3","nama":"prod3"}
[2026-02-22 16:22:13] [DEBUG] [IP: ::1] Product created successfully | Context: {"product_id":8}
[2026-02-22 16:22:13] [DEBUG] [IP: ::1] Processing additional images | Context: {"count":2}
[2026-02-22 16:22:13] [DEBUG] [IP: ::1] Skipping additional image 0 because it was used as main
[2026-02-22 16:22:13] [DEBUG] [IP: ::1] Processing additional image 1 | Context: {"filename":"prod2.jpg","type":"image\/jpeg"}
[2026-02-22 16:22:13] [DEBUG] [IP: ::1] Additional image 1 saved | Context: {"filename":"5aec86ce795f0a5d.jpg"}
[2026-02-24 14:23:58] POST /desadroid/initime_furniture/initime_furniture/admin/product_store.php
  POST: {"nama_produk":"yukjygkjj","id_kategori":"3","harga":"987987","deskripsi":"ytukuyku"}
  FILES: {"images":{"name":["ayam-laga.webp","background.jpg","","",""],"size":[119062,125622,0,0,0],"error":[0,0,4,4,4]}}
[2026-02-24 14:23:58] [DEBUG] [IP: ::1] Product store input data | Context: {"nama":"yukjygkjj","id_kategori":3,"harga":987987,"removebg":false,"has_preview_ai":false,"has_gambar_file":false}
[2026-02-24 14:23:58] [DEBUG] [IP: ::1] No main image provided, continuing with null main image
[2026-02-24 14:23:58] [DEBUG] [IP: ::1] Creating product with slug | Context: {"slug":"yukjygkjj-43290bae","nama":"yukjygkjj"}
[2026-02-24 14:23:58] [DEBUG] [IP: ::1] Product created successfully | Context: {"product_id":9}
[2026-02-24 14:45:28] POST /desadroid/initime_furniture/initime_furniture/admin/product_store.php
  POST: {"nama_produk":"6579878","id_kategori":"3","harga":"6576758","deskripsi":"erterters"}
  FILES: {"images":{"name":["ayam-laga.webp","hipwee-7A2B3DA1-A26E-4415-96C8-ADCC0A7F2060-1225x640.jpeg","","",""],"size":[119062,71164,0,0,0],"error":[0,0,4,4,4]}}
[2026-02-24 14:45:28] [DEBUG] [IP: ::1] Product store input data | Context: {"nama":"6579878","id_kategori":3,"harga":6576758,"removebg":false,"has_preview_ai":false,"has_gambar_file":false}
[2026-02-24 14:45:28] [DEBUG] [IP: ::1] Used first images[] as main | Context: {"filename":"0868d4572cadf31d.webp"}
[2026-02-24 14:45:28] [DEBUG] [IP: ::1] Creating product with slug | Context: {"slug":"6579878-9277fdb8","nama":"6579878"}
[2026-02-24 14:45:28] [DEBUG] [IP: ::1] Product created successfully | Context: {"product_id":10}
[2026-02-24 14:55:49] POST /desadroid/initime_furniture/initime_furniture/admin/product_store.php
  POST: {"nama_produk":"ytukyuk","id_kategori":"3","harga":"45678","deskripsi":"hjgkghj"}
  FILES: {"images":{"name":["","ayam-laga.webp","background.jpg","","",""],"size":[0,119062,125622,0,0,0],"error":[4,0,0,4,4,4]}}
[2026-02-24 14:55:49] [DEBUG] [IP: ::1] Product store input data | Context: {"nama":"ytukyuk","id_kategori":3,"harga":45678,"removebg":false,"has_preview_ai":false,"has_gambar_file":false}
[2026-02-24 14:55:49] [DEBUG] [IP: ::1] No main image provided, continuing with null main image
[2026-02-24 14:55:49] [DEBUG] [IP: ::1] Creating product with slug | Context: {"slug":"ytukyuk-8bf73628","nama":"ytukyuk"}
[2026-02-24 14:55:49] [DEBUG] [IP: ::1] Product created successfully | Context: {"product_id":11}
[2026-02-24 14:58:11] POST /desadroid/initime_furniture/initime_furniture/admin/product_store.php
  POST: {"nama_produk":"876yui","id_kategori":"3","harga":"789897","deskripsi":"uyklyuil"}
  FILES: {"images":{"name":["","hipwee-7A2B3DA1-A26E-4415-96C8-ADCC0A7F2060-1225x640.jpeg","unnamed.jpg","","",""],"size":[0,71164,108261,0,0,0],"error":[4,0,0,4,4,4]}}
[2026-02-24 14:58:11] [DEBUG] [IP: ::1] Product store input data | Context: {"nama":"876yui","id_kategori":3,"harga":789897,"removebg":false,"has_preview_ai":false,"has_gambar_file":false}
[2026-02-24 14:58:11] [DEBUG] [IP: ::1] No main image provided, continuing with null main image
[2026-02-24 14:58:11] [DEBUG] [IP: ::1] Creating product with slug | Context: {"slug":"876yui-e3cdfaec","nama":"876yui"}
[2026-02-24 14:58:11] [DEBUG] [IP: ::1] Product created successfully | Context: {"product_id":12}
[2026-02-24 15:04:20] POST /desadroid/initime_furniture/initime_furniture/admin/product_store.php
  POST: {"nama_produk":"gfjghj","id_kategori":"3","harga":"4536477","deskripsi":"tryurtyu"}
  FILES: {"images":{"name":["hipwee-7A2B3DA1-A26E-4415-96C8-ADCC0A7F2060-1225x640.jpeg","unnamed.jpg","","",""],"size":[71164,108261,0,0,0],"error":[0,0,4,4,4]}}
[2026-02-24 15:04:20] [DEBUG] [IP: ::1] Product store input data | Context: {"nama":"gfjghj","id_kategori":3,"harga":4536477,"removebg":false,"has_preview_ai":false,"has_gambar_file":false}
[2026-02-24 15:04:20] [DEBUG] [IP: ::1] Used first images[] as main | Context: {"filename":"c29c017acee9d060.jpeg"}
[2026-02-24 15:04:20] [DEBUG] [IP: ::1] Creating product with slug | Context: {"slug":"gfjghj-853485c4","nama":"gfjghj"}
[2026-02-24 15:04:20] [DEBUG] [IP: ::1] Product created successfully | Context: {"product_id":13}
[2026-02-24 15:04:20] [DEBUG] [IP: ::1] Using images[] array for multi-upload
[2026-02-24 15:04:20] [DEBUG] [IP: ::1] Processing all images | Context: {"count":5,"used_first_as_main":true}
[2026-02-24 15:04:20] [DEBUG] [IP: ::1] Skipping slot 0 - already used as main product image
[2026-02-24 15:04:20] [DEBUG] [IP: ::1] Processing image slot 1 | Context: {"filename":"unnamed.jpg","size":108261,"type":"image\/jpeg"}
[2026-02-24 15:04:20] [DEBUG] [IP: ::1] Image slot 1 saved to database | Context: {"filename":"197ce5420ee0a887.jpg","urutan":1}
[2026-02-24 15:04:20] [DEBUG] [IP: ::1] Skipping image slot 2 - upload error code: 4
[2026-02-24 15:04:20] [DEBUG] [IP: ::1] Skipping image slot 3 - upload error code: 4
[2026-02-24 15:04:20] [DEBUG] [IP: ::1] Skipping image slot 4 - upload error code: 4
[2026-02-24 15:23:19] POST /desadroid/initime_furniture/initime_furniture/admin/product_store.php
  POST: {"nama_produk":"test1","id_kategori":"4","harga":"300000","deskripsi":"hjkhjkk"}
  FILES: {"images":{"name":["ayam-laga.webp","background.jpg","","",""],"size":[119062,125622,0,0,0],"error":[0,0,4,4,4]}}
[2026-02-24 15:23:19] [DEBUG] [IP: ::1] Product store input data | Context: {"nama":"test1","id_kategori":4,"harga":300000,"removebg":false,"has_preview_ai":false,"has_gambar_file":false}
[2026-02-24 15:23:19] [DEBUG] [IP: ::1] Used first images[] as main | Context: {"filename":"95eb3f9690f27655.webp"}
[2026-02-24 15:23:19] [DEBUG] [IP: ::1] Creating product with slug | Context: {"slug":"test1-d15567de","nama":"test1"}
[2026-02-24 15:23:19] [DEBUG] [IP: ::1] Product created successfully | Context: {"product_id":14}
[2026-02-24 15:23:19] [DEBUG] [IP: ::1] Using images[] array for multi-upload
[2026-02-24 15:23:19] [DEBUG] [IP: ::1] Processing all images | Context: {"count":5,"used_first_as_main":true}
[2026-02-24 15:23:19] [DEBUG] [IP: ::1] Skipping slot 0 - already used as main product image
[2026-02-24 15:23:19] [DEBUG] [IP: ::1] Processing image slot 1 | Context: {"filename":"background.jpg","size":125622,"type":"image\/jpeg"}
[2026-02-24 15:23:19] [DEBUG] [IP: ::1] Image slot 1 saved to database | Context: {"filename":"3a02057f1cf6e2b9.jpg","urutan":1}
[2026-02-24 15:23:19] [DEBUG] [IP: ::1] Skipping image slot 2 - upload error code: 4
[2026-02-24 15:23:19] [DEBUG] [IP: ::1] Skipping image slot 3 - upload error code: 4
[2026-02-24 15:23:19] [DEBUG] [IP: ::1] Skipping image slot 4 - upload error code: 4
[2026-02-24 15:31:08] POST /desadroid/initime_furniture/initime_furniture/admin/product_store.php
  POST: {"nama_produk":"test2","id_kategori":"4","harga":"789897","deskripsi":"gfh"}
  FILES: {"images":{"name":["hipwee-7A2B3DA1-A26E-4415-96C8-ADCC0A7F2060-1225x640.jpeg","Logo_Universitas_Indraprasta_PGRI_(UNINDRA).png","","",""],"size":[71164,377894,0,0,0],"error":[0,0,4,4,4]}}
[2026-02-24 15:31:08] [DEBUG] [IP: ::1] Product store input data | Context: {"nama":"test2","id_kategori":4,"harga":789897,"removebg":false,"has_preview_ai":false,"has_gambar_file":false}
[2026-02-24 15:31:08] [DEBUG] [IP: ::1] Used first images[] as main | Context: {"filename":"4e2dc0050405e7cb.jpeg"}
[2026-02-24 15:31:08] [DEBUG] [IP: ::1] Creating product with slug | Context: {"slug":"test2-afc85440","nama":"test2"}
[2026-02-24 15:31:08] [DEBUG] [IP: ::1] Product created successfully | Context: {"product_id":15}
[2026-02-24 15:31:08] [DEBUG] [IP: ::1] Using images[] array for multi-upload
[2026-02-24 15:31:08] [DEBUG] [IP: ::1] Processing all images | Context: {"count":5,"used_first_as_main":true}
[2026-02-24 15:31:08] [DEBUG] [IP: ::1] Skipping slot 0 - already used as main product image
[2026-02-24 15:31:08] [DEBUG] [IP: ::1] Processing image slot 1 | Context: {"filename":"Logo_Universitas_Indraprasta_PGRI_(UNINDRA).png","size":377894,"type":"image\/png"}
[2026-02-24 15:31:08] [DEBUG] [IP: ::1] Image slot 1 saved to database | Context: {"filename":"fd7139d93b9f2567.png","urutan":1}
[2026-02-24 15:31:08] [DEBUG] [IP: ::1] Skipping image slot 2 - upload error code: 4
[2026-02-24 15:31:08] [DEBUG] [IP: ::1] Skipping image slot 3 - upload error code: 4
[2026-02-24 15:31:08] [DEBUG] [IP: ::1] Skipping image slot 4 - upload error code: 4
[2026-02-24 15:43:56] [DEBUG] [IP: ::1] Using images[] array for edit multi-upload
[2026-02-24 15:43:56] [DEBUG] [IP: ::1] Processing images for edit | Context: {"count":5,"used_slot_0_as_main":false}
[2026-02-24 15:43:56] [DEBUG] [IP: ::1] Skipping edit image slot 0 - upload error: 4
[2026-02-24 15:43:56] [DEBUG] [IP: ::1] Skipping edit image slot 1 - upload error: 4
[2026-02-24 15:43:56] [DEBUG] [IP: ::1] Processing edit image slot 2 | Context: {"filename":"Gemini_Generated_Image_1vr2fz1vr2fz1vr2.png","type":"image\/png","size":1231869}
[2026-02-24 15:43:56] [DEBUG] [IP: ::1] Edit slot 2 - added new image | Context: {"filename":"17bc65a4f752f912.png","urutan":2}
[2026-02-24 15:43:56] [DEBUG] [IP: ::1] Skipping edit image slot 3 - upload error: 4
[2026-02-24 15:43:56] [DEBUG] [IP: ::1] Skipping edit image slot 4 - upload error: 4
[2026-02-27 13:48:19] POST /intime_furniture_host/admin/product_store.php
  POST: {"nama_produk":"prod1","id_kategori":"3","harga":"1440000","deskripsi":"lost"}
  FILES: {"images":{"name":["prod1.jpg","","","",""],"size":[184152,0,0,0,0],"error":[0,4,4,4,4]}}
[2026-02-27 13:48:19] [DEBUG] [IP: ::1] Product store input data | Context: {"nama":"prod1","id_kategori":3,"harga":1440000,"removebg":false,"has_preview_ai":false,"has_gambar_file":false}
[2026-02-27 13:48:19] [DEBUG] [IP: ::1] Used first images[] as main | Context: {"filename":"6397110469f1cdf1.jpg"}
[2026-02-27 13:48:19] [DEBUG] [IP: ::1] Creating product with slug | Context: {"slug":"prod1-df4094ce","nama":"prod1"}
[2026-02-27 13:48:19] [DEBUG] [IP: ::1] Product created successfully | Context: {"product_id":12}
[2026-02-27 13:48:19] [DEBUG] [IP: ::1] Using images[] array for multi-upload
[2026-02-27 13:48:19] [DEBUG] [IP: ::1] Processing all images | Context: {"count":5,"used_first_as_main":true}
[2026-02-27 13:48:19] [DEBUG] [IP: ::1] Skipping slot 0 - already used as main product image
[2026-02-27 13:48:19] [DEBUG] [IP: ::1] Skipping image slot 1 - upload error code: 4
[2026-02-27 13:48:19] [DEBUG] [IP: ::1] Skipping image slot 2 - upload error code: 4
[2026-02-27 13:48:19] [DEBUG] [IP: ::1] Skipping image slot 3 - upload error code: 4
[2026-02-27 13:48:19] [DEBUG] [IP: ::1] Skipping image slot 4 - upload error code: 4
[2026-02-27 16:34:02] [DEBUG] [IP: ::1] Using images[] array for edit multi-upload
[2026-02-27 16:34:02] [DEBUG] [IP: ::1] Processing images for edit | Context: {"count":5,"used_slot_0_as_main":false}
[2026-02-27 16:34:02] [DEBUG] [IP: ::1] Skipping edit image slot 0 - upload error: 4
[2026-02-27 16:34:02] [DEBUG] [IP: ::1] Processing edit image slot 1 | Context: {"filename":"prod2.jpg","type":"image\/jpeg","size":150773}
[2026-02-27 16:34:02] [DEBUG] [IP: ::1] Edit slot 1 - added new image | Context: {"filename":"fc72a4da1b9e2fbe.jpg","urutan":1}
[2026-02-27 16:34:02] [DEBUG] [IP: ::1] Processing edit image slot 2 | Context: {"filename":"prod4.jpg","type":"image\/jpeg","size":229842}
[2026-02-27 16:34:02] [DEBUG] [IP: ::1] Edit slot 2 - added new image | Context: {"filename":"d1fdb0f39b01b80a.jpg","urutan":2}
[2026-02-27 16:34:02] [DEBUG] [IP: ::1] Skipping edit image slot 3 - upload error: 4
[2026-02-27 16:34:02] [DEBUG] [IP: ::1] Skipping edit image slot 4 - upload error: 4
[2026-02-27 16:40:08] [DEBUG] [IP: ::1] Using images[] array for edit multi-upload
[2026-02-27 16:40:08] [DEBUG] [IP: ::1] Processing images for edit | Context: {"count":5,"used_slot_0_as_main":false}
[2026-02-27 16:40:08] [DEBUG] [IP: ::1] Skipping edit image slot 0 - upload error: 4
[2026-02-27 16:40:08] [DEBUG] [IP: ::1] Skipping edit image slot 1 - upload error: 4
[2026-02-27 16:40:08] [DEBUG] [IP: ::1] Skipping edit image slot 2 - upload error: 4
[2026-02-27 16:40:08] [DEBUG] [IP: ::1] Skipping edit image slot 3 - upload error: 4
[2026-02-27 16:40:08] [DEBUG] [IP: ::1] Skipping edit image slot 4 - upload error: 4
[2026-02-28 15:06:04] [DEBUG] [IP: ::1] Using images[] array for edit multi-upload
[2026-02-28 15:06:04] [DEBUG] [IP: ::1] Processing images for edit | Context: {"count":5,"used_slot_0_as_main":false}
[2026-02-28 15:06:04] [DEBUG] [IP: ::1] Skipping edit image slot 0 - upload error: 4
[2026-02-28 15:06:04] [DEBUG] [IP: ::1] Skipping edit image slot 1 - upload error: 4
[2026-02-28 15:06:04] [DEBUG] [IP: ::1] Skipping edit image slot 2 - upload error: 4
[2026-02-28 15:06:04] [DEBUG] [IP: ::1] Skipping edit image slot 3 - upload error: 4
[2026-02-28 15:06:04] [DEBUG] [IP: ::1] Skipping edit image slot 4 - upload error: 4
[2026-02-28 15:06:50] [DEBUG] [IP: ::1] Using images[] array for edit multi-upload
[2026-02-28 15:06:50] [DEBUG] [IP: ::1] Processing images for edit | Context: {"count":5,"used_slot_0_as_main":false}
[2026-02-28 15:06:50] [DEBUG] [IP: ::1] Skipping edit image slot 0 - upload error: 4
[2026-02-28 15:06:50] [DEBUG] [IP: ::1] Skipping edit image slot 1 - upload error: 4
[2026-02-28 15:06:50] [DEBUG] [IP: ::1] Skipping edit image slot 2 - upload error: 4
[2026-02-28 15:06:50] [DEBUG] [IP: ::1] Skipping edit image slot 3 - upload error: 4
[2026-02-28 15:06:50] [DEBUG] [IP: ::1] Skipping edit image slot 4 - upload error: 4
[2026-02-28 15:09:14] [DEBUG] [IP: ::1] Using images[] array for edit multi-upload
[2026-02-28 15:09:14] [DEBUG] [IP: ::1] Processing images for edit | Context: {"count":5,"used_slot_0_as_main":false}
[2026-02-28 15:09:14] [DEBUG] [IP: ::1] Skipping edit image slot 0 - upload error: 4
[2026-02-28 15:09:14] [DEBUG] [IP: ::1] Skipping edit image slot 1 - upload error: 4
[2026-02-28 15:09:14] [DEBUG] [IP: ::1] Skipping edit image slot 2 - upload error: 4
[2026-02-28 15:09:14] [DEBUG] [IP: ::1] Skipping edit image slot 3 - upload error: 4
[2026-02-28 15:09:14] [DEBUG] [IP: ::1] Skipping edit image slot 4 - upload error: 4
[2026-02-28 15:11:23] [DEBUG] [IP: ::1] Using images[] array for edit multi-upload
[2026-02-28 15:11:23] [DEBUG] [IP: ::1] Processing images for edit | Context: {"count":5,"used_slot_0_as_main":false}
[2026-02-28 15:11:23] [DEBUG] [IP: ::1] Skipping edit image slot 0 - upload error: 4
[2026-02-28 15:11:23] [DEBUG] [IP: ::1] Skipping edit image slot 1 - upload error: 4
[2026-02-28 15:11:23] [DEBUG] [IP: ::1] Skipping edit image slot 2 - upload error: 4
[2026-02-28 15:11:23] [DEBUG] [IP: ::1] Skipping edit image slot 3 - upload error: 4
[2026-02-28 15:11:23] [DEBUG] [IP: ::1] Skipping edit image slot 4 - upload error: 4
[2026-02-28 15:11:28] [DEBUG] [IP: ::1] Using images[] array for edit multi-upload
[2026-02-28 15:11:28] [DEBUG] [IP: ::1] Processing images for edit | Context: {"count":5,"used_slot_0_as_main":false}
[2026-02-28 15:11:28] [DEBUG] [IP: ::1] Skipping edit image slot 0 - upload error: 4
[2026-02-28 15:11:28] [DEBUG] [IP: ::1] Skipping edit image slot 1 - upload error: 4
[2026-02-28 15:11:28] [DEBUG] [IP: ::1] Skipping edit image slot 2 - upload error: 4
[2026-02-28 15:11:28] [DEBUG] [IP: ::1] Skipping edit image slot 3 - upload error: 4
[2026-02-28 15:11:28] [DEBUG] [IP: ::1] Skipping edit image slot 4 - upload error: 4
[2026-02-28 15:12:53] [DEBUG] [IP: ::1] Using images[] array for edit multi-upload
[2026-02-28 15:12:53] [DEBUG] [IP: ::1] Processing images for edit | Context: {"count":5,"used_slot_0_as_main":false}
[2026-02-28 15:12:53] [DEBUG] [IP: ::1] Skipping edit image slot 0 - upload error: 4
[2026-02-28 15:12:53] [DEBUG] [IP: ::1] Skipping edit image slot 1 - upload error: 4
[2026-02-28 15:12:53] [DEBUG] [IP: ::1] Skipping edit image slot 2 - upload error: 4
[2026-02-28 15:12:53] [DEBUG] [IP: ::1] Skipping edit image slot 3 - upload error: 4
[2026-02-28 15:12:53] [DEBUG] [IP: ::1] Skipping edit image slot 4 - upload error: 4
[2026-02-28 15:12:53] [DEBUG] [IP: ::1] Using images[] array for edit multi-upload
[2026-02-28 15:12:53] [DEBUG] [IP: ::1] Processing images for edit | Context: {"count":5,"used_slot_0_as_main":false}
[2026-02-28 15:12:53] [DEBUG] [IP: ::1] Skipping edit image slot 0 - upload error: 4
[2026-02-28 15:12:53] [DEBUG] [IP: ::1] Skipping edit image slot 1 - upload error: 4
[2026-02-28 15:12:53] [DEBUG] [IP: ::1] Skipping edit image slot 2 - upload error: 4
[2026-02-28 15:12:53] [DEBUG] [IP: ::1] Skipping edit image slot 3 - upload error: 4
[2026-02-28 15:12:53] [DEBUG] [IP: ::1] Skipping edit image slot 4 - upload error: 4
[2026-02-28 15:14:15] [DEBUG] [IP: ::1] Using images[] array for edit multi-upload
[2026-02-28 15:14:15] [DEBUG] [IP: ::1] Processing images for edit | Context: {"count":5,"used_slot_0_as_main":false}
[2026-02-28 15:14:15] [DEBUG] [IP: ::1] Skipping edit image slot 0 - upload error: 4
[2026-02-28 15:14:15] [DEBUG] [IP: ::1] Skipping edit image slot 1 - upload error: 4
[2026-02-28 15:14:15] [DEBUG] [IP: ::1] Skipping edit image slot 2 - upload error: 4
[2026-02-28 15:14:15] [DEBUG] [IP: ::1] Skipping edit image slot 3 - upload error: 4
[2026-02-28 15:14:15] [DEBUG] [IP: ::1] Skipping edit image slot 4 - upload error: 4
[2026-02-28 15:15:05] [DEBUG] [IP: ::1] Using images[] array for edit multi-upload
[2026-02-28 15:15:05] [DEBUG] [IP: ::1] Processing images for edit | Context: {"count":5,"used_slot_0_as_main":false}
[2026-02-28 15:15:05] [DEBUG] [IP: ::1] Skipping edit image slot 0 - upload error: 4
[2026-02-28 15:15:05] [DEBUG] [IP: ::1] Skipping edit image slot 1 - upload error: 4
[2026-02-28 15:15:05] [DEBUG] [IP: ::1] Skipping edit image slot 2 - upload error: 4
[2026-02-28 15:15:05] [DEBUG] [IP: ::1] Skipping edit image slot 3 - upload error: 4
[2026-02-28 15:15:05] [DEBUG] [IP: ::1] Skipping edit image slot 4 - upload error: 4
[2026-02-28 15:16:20] [DEBUG] [IP: ::1] Using images[] array for edit multi-upload
[2026-02-28 15:16:20] [DEBUG] [IP: ::1] Processing images for edit | Context: {"count":5,"used_slot_0_as_main":false}
[2026-02-28 15:16:20] [DEBUG] [IP: ::1] Skipping edit image slot 0 - upload error: 4
[2026-02-28 15:16:20] [DEBUG] [IP: ::1] Skipping edit image slot 1 - upload error: 4
[2026-02-28 15:16:20] [DEBUG] [IP: ::1] Skipping edit image slot 2 - upload error: 4
[2026-02-28 15:16:20] [DEBUG] [IP: ::1] Processing edit image slot 3 | Context: {"filename":"ktp mitoha 2.jpg","type":"image\/jpeg","size":104985}
[2026-02-28 15:16:20] [DEBUG] [IP: ::1] Edit slot 3 - added new image | Context: {"filename":"f13e652751e31e11.jpg","urutan":3}
[2026-02-28 15:16:20] [DEBUG] [IP: ::1] Skipping edit image slot 4 - upload error: 4
[2026-02-28 15:16:29] [DEBUG] [IP: ::1] Using images[] array for edit multi-upload
[2026-02-28 15:16:29] [DEBUG] [IP: ::1] Processing images for edit | Context: {"count":5,"used_slot_0_as_main":false}
[2026-02-28 15:16:29] [DEBUG] [IP: ::1] Skipping edit image slot 0 - upload error: 4
[2026-02-28 15:16:29] [DEBUG] [IP: ::1] Skipping edit image slot 1 - upload error: 4
[2026-02-28 15:16:29] [DEBUG] [IP: ::1] Skipping edit image slot 2 - upload error: 4
[2026-02-28 15:16:29] [DEBUG] [IP: ::1] Skipping edit image slot 3 - upload error: 4
[2026-02-28 15:16:29] [DEBUG] [IP: ::1] Skipping edit image slot 4 - upload error: 4
[2026-02-28 15:18:17] [DEBUG] [IP: ::1] Using images[] array for edit multi-upload
[2026-02-28 15:18:17] [DEBUG] [IP: ::1] Processing images for edit | Context: {"count":5,"used_slot_0_as_main":false}
[2026-02-28 15:18:17] [DEBUG] [IP: ::1] Skipping edit image slot 0 - upload error: 4
[2026-02-28 15:18:17] [DEBUG] [IP: ::1] Skipping edit image slot 1 - upload error: 4
[2026-02-28 15:18:17] [DEBUG] [IP: ::1] Skipping edit image slot 2 - upload error: 4
[2026-02-28 15:18:17] [DEBUG] [IP: ::1] Skipping edit image slot 3 - upload error: 4
[2026-02-28 15:18:17] [DEBUG] [IP: ::1] Skipping edit image slot 4 - upload error: 4
[2026-02-28 15:21:52] [DEBUG] [IP: ::1] Using images[] array for edit multi-upload
[2026-02-28 15:21:52] [DEBUG] [IP: ::1] Processing images for edit | Context: {"count":5,"used_slot_0_as_main":false}
[2026-02-28 15:21:52] [DEBUG] [IP: ::1] Skipping edit image slot 0 - upload error: 4
[2026-02-28 15:21:52] [DEBUG] [IP: ::1] Skipping edit image slot 1 - upload error: 4
[2026-02-28 15:21:52] [DEBUG] [IP: ::1] Skipping edit image slot 2 - upload error: 4
[2026-02-28 15:21:52] [DEBUG] [IP: ::1] Skipping edit image slot 3 - upload error: 4
[2026-02-28 15:21:52] [DEBUG] [IP: ::1] Skipping edit image slot 4 - upload error: 4
[2026-02-28 15:22:50] POST /desadroid/initime_furniture/initime_furniture/admin/product_store.php
  POST: {"nama_produk":"ytukyuk","id_kategori":"4","harga":"243342","deskripsi":"asdasd"}
  FILES: {"images":{"name":["ktp mitoha 2.jpg","ktp mitoha.jpg","akta bini.jpg","",""],"size":[104985,474005,302225,0,0],"error":[0,0,0,4,4]}}
[2026-02-28 15:22:50] [DEBUG] [IP: ::1] Product store input data | Context: {"nama":"ytukyuk","id_kategori":4,"harga":243342,"removebg":false,"has_preview_ai":false,"has_gambar_file":false}
[2026-02-28 15:22:50] [DEBUG] [IP: ::1] Used first images[] as main | Context: {"filename":"7bdd1c00dbd03955.jpg"}
[2026-02-28 15:22:50] [DEBUG] [IP: ::1] Creating product with slug | Context: {"slug":"ytukyuk-ee04b047","nama":"ytukyuk"}
[2026-02-28 15:22:50] [DEBUG] [IP: ::1] Product created successfully | Context: {"product_id":16}
[2026-02-28 15:22:50] [DEBUG] [IP: ::1] Using images[] array for multi-upload
[2026-02-28 15:22:50] [DEBUG] [IP: ::1] Processing all images | Context: {"count":5,"used_first_as_main":true}
[2026-02-28 15:22:50] [DEBUG] [IP: ::1] Skipping slot 0 - already used as main product image
[2026-02-28 15:22:50] [DEBUG] [IP: ::1] Processing image slot 1 | Context: {"filename":"ktp mitoha.jpg","size":474005,"type":"image\/jpeg"}
[2026-02-28 15:22:50] [DEBUG] [IP: ::1] Image slot 1 saved to database | Context: {"filename":"8a603c2c8b998e49.jpg","urutan":1}
[2026-02-28 15:22:50] [DEBUG] [IP: ::1] Processing image slot 2 | Context: {"filename":"akta bini.jpg","size":302225,"type":"image\/jpeg"}
[2026-02-28 15:22:50] [DEBUG] [IP: ::1] Image slot 2 saved to database | Context: {"filename":"c478afab4c0657a3.jpg","urutan":2}
[2026-02-28 15:22:50] [DEBUG] [IP: ::1] Skipping image slot 3 - upload error code: 4
[2026-02-28 15:22:50] [DEBUG] [IP: ::1] Skipping image slot 4 - upload error code: 4
[2026-02-28 15:24:14] [DEBUG] [IP: ::1] Using images[] array for edit multi-upload
[2026-02-28 15:24:14] [DEBUG] [IP: ::1] Processing images for edit | Context: {"count":5,"used_slot_0_as_main":false}
[2026-02-28 15:24:14] [DEBUG] [IP: ::1] Skipping edit image slot 0 - upload error: 4
[2026-02-28 15:24:14] [DEBUG] [IP: ::1] Skipping edit image slot 1 - upload error: 4
[2026-02-28 15:24:14] [DEBUG] [IP: ::1] Skipping edit image slot 2 - upload error: 4
[2026-02-28 15:24:14] [DEBUG] [IP: ::1] Skipping edit image slot 3 - upload error: 4
[2026-02-28 15:24:14] [DEBUG] [IP: ::1] Skipping edit image slot 4 - upload error: 4
[2026-02-28 15:24:29] [DEBUG] [IP: ::1] Using images[] array for edit multi-upload
[2026-02-28 15:24:29] [DEBUG] [IP: ::1] Processing images for edit | Context: {"count":5,"used_slot_0_as_main":false}
[2026-02-28 15:24:29] [DEBUG] [IP: ::1] Skipping edit image slot 0 - upload error: 4
[2026-02-28 15:24:29] [DEBUG] [IP: ::1] Skipping edit image slot 1 - upload error: 4
[2026-02-28 15:24:29] [DEBUG] [IP: ::1] Skipping edit image slot 2 - upload error: 4
[2026-02-28 15:24:29] [DEBUG] [IP: ::1] Skipping edit image slot 3 - upload error: 4
[2026-02-28 15:24:29] [DEBUG] [IP: ::1] Skipping edit image slot 4 - upload error: 4
[2026-02-28 15:25:05] [DEBUG] [IP: ::1] Using images[] array for edit multi-upload
[2026-02-28 15:25:05] [DEBUG] [IP: ::1] Processing images for edit | Context: {"count":5,"used_slot_0_as_main":false}
[2026-02-28 15:25:05] [DEBUG] [IP: ::1] Skipping edit image slot 0 - upload error: 4
[2026-02-28 15:25:05] [DEBUG] [IP: ::1] Skipping edit image slot 1 - upload error: 4
[2026-02-28 15:25:05] [DEBUG] [IP: ::1] Skipping edit image slot 2 - upload error: 4
[2026-02-28 15:25:05] [DEBUG] [IP: ::1] Skipping edit image slot 3 - upload error: 4
[2026-02-28 15:25:05] [DEBUG] [IP: ::1] Skipping edit image slot 4 - upload error: 4
[2026-02-28 15:25:38] [DEBUG] [IP: ::1] Using images[] array for edit multi-upload
[2026-02-28 15:25:38] [DEBUG] [IP: ::1] Processing images for edit | Context: {"count":5,"used_slot_0_as_main":false}
[2026-02-28 15:25:38] [DEBUG] [IP: ::1] Skipping edit image slot 0 - upload error: 4
[2026-02-28 15:25:38] [DEBUG] [IP: ::1] Processing edit image slot 1 | Context: {"filename":"ktp mitoha.jpg","type":"image\/jpeg","size":474005}
[2026-02-28 15:25:38] [DEBUG] [IP: ::1] Edit slot 1 - added new image | Context: {"filename":"a976d9bc1085d7fa.jpg","urutan":1}
[2026-02-28 15:25:38] [DEBUG] [IP: ::1] Skipping edit image slot 2 - upload error: 4
[2026-02-28 15:25:38] [DEBUG] [IP: ::1] Skipping edit image slot 3 - upload error: 4
[2026-02-28 15:25:38] [DEBUG] [IP: ::1] Skipping edit image slot 4 - upload error: 4
[2026-02-28 15:25:46] [DEBUG] [IP: ::1] Using images[] array for edit multi-upload
[2026-02-28 15:25:46] [DEBUG] [IP: ::1] Processing images for edit | Context: {"count":5,"used_slot_0_as_main":false}
[2026-02-28 15:25:46] [DEBUG] [IP: ::1] Skipping edit image slot 0 - upload error: 4
[2026-02-28 15:25:46] [DEBUG] [IP: ::1] Skipping edit image slot 1 - upload error: 4
[2026-02-28 15:25:46] [DEBUG] [IP: ::1] Skipping edit image slot 2 - upload error: 4
[2026-02-28 15:25:46] [DEBUG] [IP: ::1] Skipping edit image slot 3 - upload error: 4
[2026-02-28 15:25:46] [DEBUG] [IP: ::1] Skipping edit image slot 4 - upload error: 4
[2026-02-28 15:28:05] [DEBUG] [IP: ::1] Using images[] array for edit multi-upload
[2026-02-28 15:28:05] [DEBUG] [IP: ::1] Processing images for edit | Context: {"count":5,"used_slot_0_as_main":false}
[2026-02-28 15:28:05] [DEBUG] [IP: ::1] Skipping edit image slot 0 - upload error: 4
[2026-02-28 15:28:05] [DEBUG] [IP: ::1] Skipping edit image slot 1 - upload error: 4
[2026-02-28 15:28:05] [DEBUG] [IP: ::1] Skipping edit image slot 2 - upload error: 4
[2026-02-28 15:28:05] [DEBUG] [IP: ::1] Skipping edit image slot 3 - upload error: 4
[2026-02-28 15:28:05] [DEBUG] [IP: ::1] Skipping edit image slot 4 - upload error: 4
[2026-02-28 15:28:19] [DEBUG] [IP: ::1] Using images[] array for edit multi-upload
[2026-02-28 15:28:19] [DEBUG] [IP: ::1] Processing images for edit | Context: {"count":5,"used_slot_0_as_main":false}
[2026-02-28 15:28:19] [DEBUG] [IP: ::1] Skipping edit image slot 0 - upload error: 4
[2026-02-28 15:28:19] [DEBUG] [IP: ::1] Skipping edit image slot 1 - upload error: 4
[2026-02-28 15:28:19] [DEBUG] [IP: ::1] Skipping edit image slot 2 - upload error: 4
[2026-02-28 15:28:19] [DEBUG] [IP: ::1] Skipping edit image slot 3 - upload error: 4
[2026-02-28 15:28:19] [DEBUG] [IP: ::1] Skipping edit image slot 4 - upload error: 4
[2026-02-28 15:28:49] [DEBUG] [IP: ::1] Using images[] array for edit multi-upload
[2026-02-28 15:28:49] [DEBUG] [IP: ::1] Processing images for edit | Context: {"count":5,"used_slot_0_as_main":false}
[2026-02-28 15:28:49] [DEBUG] [IP: ::1] Skipping edit image slot 0 - upload error: 4
[2026-02-28 15:28:49] [DEBUG] [IP: ::1] Processing edit image slot 1 | Context: {"filename":"202243500261.jpg","type":"image\/jpeg","size":2311561}
[2026-02-28 15:28:49] [DEBUG] [IP: ::1] Edit slot 1 - added new image | Context: {"filename":"2eb5d58979cc7381.jpg","urutan":1}
[2026-02-28 15:28:49] [DEBUG] [IP: ::1] Skipping edit image slot 2 - upload error: 4
[2026-02-28 15:28:49] [DEBUG] [IP: ::1] Skipping edit image slot 3 - upload error: 4
[2026-02-28 15:28:49] [DEBUG] [IP: ::1] Skipping edit image slot 4 - upload error: 4
[2026-02-28 15:29:01] [DEBUG] [IP: ::1] Using images[] array for edit multi-upload
[2026-02-28 15:29:01] [DEBUG] [IP: ::1] Processing images for edit | Context: {"count":5,"used_slot_0_as_main":false}
[2026-02-28 15:29:01] [DEBUG] [IP: ::1] Skipping edit image slot 0 - upload error: 4
[2026-02-28 15:29:01] [DEBUG] [IP: ::1] Skipping edit image slot 1 - upload error: 4
[2026-02-28 15:29:01] [DEBUG] [IP: ::1] Skipping edit image slot 2 - upload error: 4
[2026-02-28 15:29:01] [DEBUG] [IP: ::1] Skipping edit image slot 3 - upload error: 4
[2026-02-28 15:29:01] [DEBUG] [IP: ::1] Skipping edit image slot 4 - upload error: 4
[2026-02-28 15:29:48] [DEBUG] [IP: ::1] Using images[] array for edit multi-upload
[2026-02-28 15:29:48] [DEBUG] [IP: ::1] Processing images for edit | Context: {"count":5,"used_slot_0_as_main":false}
[2026-02-28 15:29:48] [DEBUG] [IP: ::1] Skipping edit image slot 0 - upload error: 4
[2026-02-28 15:29:48] [DEBUG] [IP: ::1] Processing edit image slot 1 | Context: {"filename":"ktp mitoha.jpg","type":"image\/jpeg","size":474005}
[2026-02-28 15:29:48] [DEBUG] [IP: ::1] Edit slot 1 - added new image | Context: {"filename":"88a95b72ef870843.jpg","urutan":1}
[2026-02-28 15:29:48] [DEBUG] [IP: ::1] Skipping edit image slot 2 - upload error: 4
[2026-02-28 15:29:48] [DEBUG] [IP: ::1] Skipping edit image slot 3 - upload error: 4
[2026-02-28 15:29:48] [DEBUG] [IP: ::1] Skipping edit image slot 4 - upload error: 4
[2026-02-28 15:31:00] [DEBUG] [IP: ::1] Using images[] array for edit multi-upload
[2026-02-28 15:31:00] [DEBUG] [IP: ::1] Processing images for edit | Context: {"count":5,"used_slot_0_as_main":false}
[2026-02-28 15:31:00] [DEBUG] [IP: ::1] Skipping edit image slot 0 - upload error: 4
[2026-02-28 15:31:00] [DEBUG] [IP: ::1] Skipping edit image slot 1 - upload error: 4
[2026-02-28 15:31:00] [DEBUG] [IP: ::1] Skipping edit image slot 2 - upload error: 4
[2026-02-28 15:31:00] [DEBUG] [IP: ::1] Skipping edit image slot 3 - upload error: 4
[2026-02-28 15:31:00] [DEBUG] [IP: ::1] Skipping edit image slot 4 - upload error: 4
[2026-02-28 15:31:08] [DEBUG] [IP: ::1] Using images[] array for edit multi-upload
[2026-02-28 15:31:08] [DEBUG] [IP: ::1] Processing images for edit | Context: {"count":5,"used_slot_0_as_main":false}
[2026-02-28 15:31:08] [DEBUG] [IP: ::1] Skipping edit image slot 0 - upload error: 4
[2026-02-28 15:31:08] [DEBUG] [IP: ::1] Skipping edit image slot 1 - upload error: 4
[2026-02-28 15:31:08] [DEBUG] [IP: ::1] Skipping edit image slot 2 - upload error: 4
[2026-02-28 15:31:08] [DEBUG] [IP: ::1] Skipping edit image slot 3 - upload error: 4
[2026-02-28 15:31:08] [DEBUG] [IP: ::1] Skipping edit image slot 4 - upload error: 4
[2026-02-28 15:36:23] [DEBUG] [IP: ::1] Using images[] array for edit multi-upload
[2026-02-28 15:36:23] [DEBUG] [IP: ::1] Processing images for edit | Context: {"count":5,"used_slot_0_as_main":false}
[2026-02-28 15:36:23] [DEBUG] [IP: ::1] Skipping edit image slot 0 - upload error: 4
[2026-02-28 15:36:23] [DEBUG] [IP: ::1] Processing edit image slot 1 | Context: {"filename":"ktp mitoha 2.jpg","type":"image\/jpeg","size":104985}
[2026-02-28 15:36:24] [DEBUG] [IP: ::1] Edit slot 1 - added new image | Context: {"filename":"ae30cbe05532a7fd.jpg","urutan":1}
[2026-02-28 15:36:24] [DEBUG] [IP: ::1] Skipping edit image slot 2 - upload error: 4
[2026-02-28 15:36:24] [DEBUG] [IP: ::1] Skipping edit image slot 3 - upload error: 4
[2026-02-28 15:36:24] [DEBUG] [IP: ::1] Skipping edit image slot 4 - upload error: 4
